#
# There is insufficient memory for the Java Runtime Environment to continue.
# Native memory allocation (mmap) failed to map 257949696 bytes for G1 virtual space
# Possible reasons:
#   The system is out of physical RAM or swap space
#   The process is running with CompressedOops enabled, and the Java Heap may be blocking the growth of the native heap
# Possible solutions:
#   Reduce memory load on the system
#   Increase physical memory or swap space
#   Check if swap backing store is full
#   Decrease Java heap size (-Xmx/-Xms)
#   Decrease number of Java threads
#   Decrease Java thread stack sizes (-Xss)
#   Set larger code cache with -XX:ReservedCodeCacheSize=
#   JVM is running with Zero Based Compressed Oops mode in which the Java heap is
#     placed in the first 32GB address space. The Java Heap base address is the
#     maximum limit for the native heap growth. Please use -XX:HeapBaseMinAddress
#     to set the Java Heap base and to place the Java Heap above 32GB virtual address.
# This output file may be truncated or incomplete.
#
#  Out of Memory Error (./open/src/hotspot/os/windows/os_windows.cpp:3321), pid=16672, tid=18668
#
# JRE version:  (15.0.2+7) (build )
# Java VM: OpenJDK 64-Bit Server VM (15.0.2+7-27, mixed mode, sharing, tiered, compressed oops, g1 gc, windows-amd64)
# No core dump will be written. Minidumps are not enabled by default on client versions of Windows
#

---------------  S U M M A R Y ------------

Command Line: -Dfile.encoding=Cp1252 -XX:+ShowCodeDetailsInExceptionMessages main.java.com.ubo.tp.twitub.TwitubLauncher

Host: AMD Ryzen 5 4600H with Radeon Graphics         , 12 cores, 15G,  Windows 10 , 64 bit Build 22621 (10.0.22621.1194)
Time: Tue Feb 28 17:16:18 2023 Romance Standard Time elapsed time: 0.052162 seconds (0d 0h 0m 0s)

---------------  T H R E A D  ---------------

Current thread (0x000001295d42cd40):  JavaThread "Unknown thread" [_thread_in_vm, id=18668, stack(0x0000001026e00000,0x0000001026f00000)]

Stack: [0x0000001026e00000,0x0000001026f00000]
Native frames: (J=compiled Java code, j=interpreted, Vv=VM code, C=native code)
V  [jvm.dll+0x62ae9a]
V  [jvm.dll+0x7817a9]
V  [jvm.dll+0x782f03]
V  [jvm.dll+0x783563]
V  [jvm.dll+0x216325]
V  [jvm.dll+0x6281d9]
V  [jvm.dll+0x61cf55]
V  [jvm.dll+0x2cffdd]
V  [jvm.dll+0x2cfe42]
V  [jvm.dll+0x2d5e1c]
V  [jvm.dll+0x32590a]
V  [jvm.dll+0x324fd4]
V  [jvm.dll+0x2a6f5a]
V  [jvm.dll+0x2a80f8]
V  [jvm.dll+0x75e241]
V  [jvm.dll+0x3341c4]
V  [jvm.dll+0x73e926]
V  [jvm.dll+0x3b7557]
V  [jvm.dll+0x3b8fe1]
C  [jli.dll+0x52fb]
C  [ucrtbase.dll+0x29363]
C  [KERNEL32.DLL+0x126bd]
C  [ntdll.dll+0x5dfb8]


---------------  P R O C E S S  ---------------

Threads class SMR info:
_java_thread_list=0x00007ff8df504ff0, length=0, elements={
}

Java Threads: ( => current thread )

Other Threads:
  0x000001295d47cf40 GCTaskThread "GC Thread#0" [stack: 0x0000001026f00000,0x0000001027000000] [id=9304]
  0x000001295d48d970 ConcurrentGCThread "G1 Main Marker" [stack: 0x0000001027000000,0x0000001027100000] [id=1136]
  0x000001295d4919e0 ConcurrentGCThread "G1 Conc#0" [stack: 0x0000001027100000,0x0000001027200000] [id=26888]

[error occurred during error reporting (printing all threads), id 0xc0000005, EXCEPTION_ACCESS_VIOLATION (0xc0000005) at pc=0x00007ff8decf7e27]

VM state: not at safepoint (not fully initialized)

VM Mutex/Monitor currently owned by a thread:  ([mutex/lock_event])
[0x000001295d42a060] Heap_lock - owner thread: 0x000001295d42cd40

Heap address: 0x000000070a000000, size: 3936 MB, Compressed Oops mode: Zero based, Oop shift amount: 3
CDS archive(s) mapped at: [0x0000000000000000-0x0000000000000000-0x0000000000000000), size 0, SharedBaseAddress: 0x0000000800000000, ArchiveRelocationMode: 0.
Narrow klass base: 0x0000000000000000, Narrow klass shift: 0, Narrow klass range: 0x0

Heap:
 garbage-first heap   total 251904K, used 0K [0x000000070a000000, 0x0000000800000000)
  region size 2048K, 0 young (0K), 0 survivors (0K)
 Metaspace       used 0K, capacity 0K, committed 0K, reserved 0K
  class space    used 0K, capacity 0K, committed 0K, reserved 0K

Heap Regions: E=young(eden), S=young(survivor), O=old, HS=humongous(starts), HC=humongous(continues), CS=collection set, F=free, OA=open archive, CA=closed archive, TAMS=top-at-mark-start (previous, next)

Card table byte_map: [0x0000012970b40000,0x00000129712f0000] _byte_map_base: 0x000001296d2f0000

Marking Bits (Prev, Next): (CMBitMap*) 0x000001295d47d7b0, (CMBitMap*) 0x000001295d47d7f0
 Prev Bits: [0x0000012971aa0000, 0x0000012975820000)
 Next Bits: [0x0000012975820000, 0x00000129795a0000)

GC Heap History (0 events):
No events

Deoptimization events (0 events):
No events

Classes unloaded (0 events):
No events

Classes redefined (0 events):
No events

Internal exceptions (0 events):
No events

Events (1 events):
Event: 0.011 Loaded shared library C:\Users\kamou\.p2\pool\plugins\org.eclipse.justj.openjdk.hotspot.jre.full.win32.x86_64_15.0.2.v20210201-0955\jre\bin\java.dll


Dynamic libraries:
0x00007ff688310000 - 0x00007ff68831d000 	C:\Users\kamou\.p2\pool\plugins\org.eclipse.justj.openjdk.hotspot.jre.full.win32.x86_64_15.0.2.v20210201-0955\jre\bin\javaw.exe
0x00007ff99a910000 - 0x00007ff99ab24000 	C:\WINDOWS\SYSTEM32\ntdll.dll
0x00007ff999aa0000 - 0x00007ff999b63000 	C:\WINDOWS\System32\KERNEL32.DLL
0x00007ff998380000 - 0x00007ff99871c000 	C:\WINDOWS\System32\KERNELBASE.dll
0x00007ff998120000 - 0x00007ff998231000 	C:\WINDOWS\System32\ucrtbase.dll
0x00007ff992270000 - 0x00007ff992288000 	C:\Users\kamou\.p2\pool\plugins\org.eclipse.justj.openjdk.hotspot.jre.full.win32.x86_64_15.0.2.v20210201-0955\jre\bin\jli.dll
0x00007ff99a700000 - 0x00007ff99a8ad000 	C:\WINDOWS\System32\USER32.dll
0x00007ff9980f0000 - 0x00007ff998116000 	C:\WINDOWS\System32\win32u.dll
0x00007ff9998f0000 - 0x00007ff999919000 	C:\WINDOWS\System32\GDI32.dll
0x00007ff997fd0000 - 0x00007ff9980e2000 	C:\WINDOWS\System32\gdi32full.dll
0x00007ff997f30000 - 0x00007ff997fca000 	C:\WINDOWS\System32\msvcp_win.dll
0x00007ff9885c0000 - 0x00007ff9885d9000 	C:\Users\kamou\.p2\pool\plugins\org.eclipse.justj.openjdk.hotspot.jre.full.win32.x86_64_15.0.2.v20210201-0955\jre\bin\VCRUNTIME140.dll
0x00007ff98d290000 - 0x00007ff98d51e000 	C:\WINDOWS\WinSxS\amd64_microsoft.windows.common-controls_6595b64144ccf1df_6.0.22621.608_none_a9444ca7c10bb01d\COMCTL32.dll
0x00007ff99a010000 - 0x00007ff99a0b7000 	C:\WINDOWS\System32\msvcrt.dll
0x00007ff9993e0000 - 0x00007ff999412000 	C:\WINDOWS\System32\IMM32.DLL
0x00007ff9885b0000 - 0x00007ff9885bc000 	C:\Users\kamou\.p2\pool\plugins\org.eclipse.justj.openjdk.hotspot.jre.full.win32.x86_64_15.0.2.v20210201-0955\jre\bin\vcruntime140_1.dll
0x00007ff9465b0000 - 0x00007ff946641000 	C:\Users\kamou\.p2\pool\plugins\org.eclipse.justj.openjdk.hotspot.jre.full.win32.x86_64_15.0.2.v20210201-0955\jre\bin\msvcp140.dll
0x00007ff8dea40000 - 0x00007ff8df59e000 	C:\Users\kamou\.p2\pool\plugins\org.eclipse.justj.openjdk.hotspot.jre.full.win32.x86_64_15.0.2.v20210201-0955\jre\bin\server\jvm.dll
0x00007ff99a440000 - 0x00007ff99a4ee000 	C:\WINDOWS\System32\ADVAPI32.dll
0x00007ff99a650000 - 0x00007ff99a6f4000 	C:\WINDOWS\System32\sechost.dll
0x00007ff9992c0000 - 0x00007ff9993d5000 	C:\WINDOWS\System32\RPCRT4.dll
0x00007ff999ff0000 - 0x00007ff999ff8000 	C:\WINDOWS\System32\PSAPI.DLL
0x00007ff9924d0000 - 0x00007ff9924d9000 	C:\WINDOWS\SYSTEM32\WSOCK32.dll
0x00007ff9987a0000 - 0x00007ff998811000 	C:\WINDOWS\System32\WS2_32.dll
0x00007ff994940000 - 0x00007ff994974000 	C:\WINDOWS\SYSTEM32\WINMM.dll
0x00007ff98ec10000 - 0x00007ff98ec1a000 	C:\WINDOWS\SYSTEM32\VERSION.dll
0x00007ff996d80000 - 0x00007ff996d98000 	C:\WINDOWS\SYSTEM32\kernel.appcore.dll
0x00007ff9921c0000 - 0x00007ff9921ca000 	C:\Users\kamou\.p2\pool\plugins\org.eclipse.justj.openjdk.hotspot.jre.full.win32.x86_64_15.0.2.v20210201-0955\jre\bin\jimage.dll
0x00007ff995270000 - 0x00007ff99549e000 	C:\WINDOWS\SYSTEM32\DBGHELP.DLL
0x00007ff999420000 - 0x00007ff9997aa000 	C:\WINDOWS\System32\combase.dll
0x00007ff9997b0000 - 0x00007ff999887000 	C:\WINDOWS\System32\OLEAUT32.dll
0x00007ff98e9c0000 - 0x00007ff98e9f2000 	C:\WINDOWS\SYSTEM32\dbgcore.DLL
0x00007ff998240000 - 0x00007ff9982bb000 	C:\WINDOWS\System32\bcryptPrimitives.dll
0x00007ff971480000 - 0x00007ff9714a5000 	C:\Users\kamou\.p2\pool\plugins\org.eclipse.justj.openjdk.hotspot.jre.full.win32.x86_64_15.0.2.v20210201-0955\jre\bin\java.dll

dbghelp: loaded successfully - version: 4.0.5 - missing functions: none
symbol engine: initialized successfully - sym options: 0x614 - pdb path: .;C:\Users\kamou\.p2\pool\plugins\org.eclipse.justj.openjdk.hotspot.jre.full.win32.x86_64_15.0.2.v20210201-0955\jre\bin;C:\WINDOWS\SYSTEM32;C:\WINDOWS\WinSxS\amd64_microsoft.windows.common-controls_6595b64144ccf1df_6.0.22621.608_none_a9444ca7c10bb01d;C:\Users\kamou\.p2\pool\plugins\org.eclipse.justj.openjdk.hotspot.jre.full.win32.x86_64_15.0.2.v20210201-0955\jre\bin\server

VM Arguments:
jvm_args: -Dfile.encoding=Cp1252 -XX:+ShowCodeDetailsInExceptionMessages 
java_command: main.java.com.ubo.tp.twitub.TwitubLauncher
java_class_path (initial): D:\eclipse-workspace\ergonomie3DIhm.zip_expanded\ergonomie3DIhm\out\production\ergonomie3DIhm
Launcher Type: SUN_STANDARD

[Global flags]
     intx CICompilerCount                          = 4                                         {product} {ergonomic}
     uint ConcGCThreads                            = 3                                         {product} {ergonomic}
     uint G1ConcRefinementThreads                  = 10                                        {product} {ergonomic}
   size_t G1HeapRegionSize                         = 2097152                                   {product} {ergonomic}
    uintx GCDrainStackTargetSize                   = 64                                        {product} {ergonomic}
   size_t InitialHeapSize                          = 257949696                                 {product} {ergonomic}
   size_t MarkStackSize                            = 4194304                                   {product} {ergonomic}
   size_t MaxHeapSize                              = 4127195136                                {product} {ergonomic}
   size_t MinHeapDeltaBytes                        = 2097152                                   {product} {ergonomic}
   size_t MinHeapSize                              = 8388608                                   {product} {ergonomic}
    uintx NonNMethodCodeHeapSize                   = 5839372                                {pd product} {ergonomic}
    uintx NonProfiledCodeHeapSize                  = 122909434                              {pd product} {ergonomic}
    uintx ProfiledCodeHeapSize                     = 122909434                              {pd product} {ergonomic}
    uintx ReservedCodeCacheSize                    = 251658240                              {pd product} {ergonomic}
     bool SegmentedCodeCache                       = true                                      {product} {ergonomic}
     bool ShowCodeDetailsInExceptionMessages       = true                                   {manageable} {command line}
   size_t SoftMaxHeapSize                          = 4127195136                             {manageable} {ergonomic}
     bool UseCompressedClassPointers               = true                                 {lp64_product} {ergonomic}
     bool UseCompressedOops                        = true                                 {lp64_product} {ergonomic}
     bool UseG1GC                                  = true                                      {product} {ergonomic}
     bool UseLargePagesIndividualAllocation        = false                                  {pd product} {ergonomic}

Logging:
Log output configuration:
 #0: stdout all=warning uptime,level,tags
 #1: stderr all=off uptime,level,tags

Environment Variables:
PATH=C:/Users/kamou/.p2/pool/plugins/org.eclipse.justj.openjdk.hotspot.jre.full.win32.x86_64_15.0.2.v20210201-0955/jre/bin/server;C:/Users/kamou/.p2/pool/plugins/org.eclipse.justj.openjdk.hotspot.jre.full.win32.x86_64_15.0.2.v20210201-0955/jre/bin;C:\WINDOWS\system32;C:\WINDOWS;C:\WINDOWS\System32\Wbem;C:\WINDOWS\System32\WindowsPowerShell\v1.0\;C:\WINDOWS\System32\OpenSSH\;C:\Program Files\Go\bin;D:\Git\cmd;C:\Program Files\PuTTY\;C:\Program Files\nodejs\;C:\Users\kamou\AppData\Local\Programs\Python\Python39\Scripts\;C:\Users\kamou\AppData\Local\Programs\Python\Python39\;C:\Users\kamou\AppData\Local\Microsoft\WindowsApps;C:\Users\kamou\go\bin;D:\Microsoft VS Code\bin;C:\Users\kamou\AppData\Roaming\npm;C:\Users\kamou\AppData\Local\GitHubDesktop\bin;C:\WINDOWS\system32;
USERNAME=kamou
OS=Windows_NT
PROCESSOR_IDENTIFIER=AMD64 Family 23 Model 96 Stepping 1, AuthenticAMD



---------------  S Y S T E M  ---------------

OS:
 Windows 10 , 64 bit Build 22621 (10.0.22621.1194)
OS uptime: 5 days 19:51 hours
HyperV virtualization detected

CPU: total 12 (initial active 12) (12 cores per cpu, 2 threads per core) family 23 model 96 stepping 1 microcode 0x0, cmov, cx8, fxsr, mmx, sse, sse2, sse3, ssse3, sse4.1, sse4.2, popcnt, vzeroupper, avx, avx2, aes, clmul, 3dnowpref, lzcnt, sse4a, ht, tsc, tscinvbit, tscinv, bmi1, bmi2, adx, sha, fma, clflush, clflushopt

Memory: 4k page, system-wide physical 15741M (5025M free)
TotalPageFile size 22069M (AvailPageFile size 26M)
current process WorkingSet (physical memory assigned to process): 11M, peak: 11M
current process commit charge ("private bytes"): 64M, peak: 310M

vm_info: OpenJDK 64-Bit Server VM (15.0.2+7-27) for windows-amd64 JRE (15.0.2+7-27), built on Dec  7 2020 20:02:38 by "mach5one" with unknown MS VC++:1925

END.
